#
# There is insufficient memory for the Java Runtime Environment to continue.
# Native memory allocation (mmap) failed to map 123731968 bytes for G1 virtual space
# Possible reasons:
#   The system is out of physical RAM or swap space
#   The process is running with CompressedOops enabled, and the Java Heap may be blocking the growth of the native heap
# Possible solutions:
#   Reduce memory load on the system
#   Increase physical memory or swap space
#   Check if swap backing store is full
#   Decrease Java heap size (-Xmx/-Xms)
#   Decrease number of Java threads
#   Decrease Java thread stack sizes (-Xss)
#   Set larger code cache with -XX:ReservedCodeCacheSize=
#   JVM is running with Unscaled Compressed Oops mode in which the Java heap is
#     placed in the first 4GB address space. The Java Heap base address is the
#     maximum limit for the native heap growth. Please use -XX:HeapBaseMinAddress
#     to set the Java Heap base and to place the Java Heap above 4GB virtual address.
# This output file may be truncated or incomplete.
#
#  Out of Memory Error (os_windows.cpp:3600), pid=47972, tid=41656
#
# JRE version:  (21.0.1+12) (build )
# Java VM: Java HotSpot(TM) 64-Bit Server VM (21.0.1+12-LTS-29, mixed mode, sharing, tiered, compressed oops, compressed class ptrs, g1 gc, windows-amd64)
# No core dump will be written. Minidumps are not enabled by default on client versions of Windows
#

---------------  S U M M A R Y ------------

Command Line: -Dfile.encoding=UTF-8 --module-path=C:\Users\Dell\OneDrive\Documents\NetBeansProjects\ATM Stimulation System\build\classes atm.stimulation.system.Login

Host: AMD Ryzen 5 5500U with Radeon Graphics         , 12 cores, 7G,  Windows 11 , 64 bit Build 22621 (10.0.22621.2428)
Time: Sat Nov 18 19:15:46 2023 India Standard Time elapsed time: 0.036456 seconds (0d 0h 0m 0s)

---------------  T H R E A D  ---------------

Current thread (0x000002b4e8d35620):  JavaThread "Unknown thread" [_thread_in_vm, id=41656, stack(0x000000c106800000,0x000000c106900000) (1024K)]

Stack: [0x000000c106800000,0x000000c106900000]
Native frames: (J=compiled Java code, j=interpreted, Vv=VM code, C=native code)
V  [jvm.dll+0x6c9029]
V  [jvm.dll+0x854b81]
V  [jvm.dll+0x856e5e]
V  [jvm.dll+0x857543]
V  [jvm.dll+0x280c06]
V  [jvm.dll+0x6c5715]
V  [jvm.dll+0x6ba10a]
V  [jvm.dll+0x3557ea]
V  [jvm.dll+0x35d436]
V  [jvm.dll+0x3ae1be]
V  [jvm.dll+0x3ae468]
V  [jvm.dll+0x3291fc]
V  [jvm.dll+0x329d8b]
V  [jvm.dll+0x81d179]
V  [jvm.dll+0x3bb4f1]
V  [jvm.dll+0x805ae8]
V  [jvm.dll+0x44effe]
V  [jvm.dll+0x450901]
C  [jli.dll+0x52a3]
C  [ucrtbase.dll+0x29363]
C  [KERNEL32.DLL+0x1257d]
C  [ntdll.dll+0x5aa78]


---------------  P R O C E S S  ---------------

Threads class SMR info:
_java_thread_list=0x00007ffd2a159b88, length=0, elements={
}

Java Threads: ( => current thread )
Total: 0

Other Threads:
  0x000002b4e8d850a0 WorkerThread "GC Thread#0"                     [id=12612, stack(0x000000c106900000,0x000000c106a00000) (1024K)]
  0x000002b4e8d94db0 ConcurrentGCThread "G1 Main Marker"            [id=2724, stack(0x000000c106a00000,0x000000c106b00000) (1024K)]
  0x000002b4e8d958b0 WorkerThread "G1 Conc#0"                       [id=19072, stack(0x000000c106b00000,0x000000c106c00000) (1024K)]

[error occurred during error reporting (printing all threads), id 0xc0000005, EXCEPTION_ACCESS_VIOLATION (0xc0000005) at pc=0x00007ffd298cc2c7]
VM state: not at safepoint (not fully initialized)

VM Mutex/Monitor currently owned by a thread:  ([mutex/lock_event])
[0x00007ffd2a1ca6f8] Heap_lock - owner thread: 0x000002b4e8d35620

Heap address: 0x000000008a400000, size: 1884 MB, Compressed Oops mode: 32-bit

CDS archive(s) mapped at: [0x0000000000000000-0x0000000000000000-0x0000000000000000), size 0, SharedBaseAddress: 0x0000000800000000, ArchiveRelocationMode: 1.
Narrow klass base: 0x0000000000000000, Narrow klass shift: 0, Narrow klass range: 0x0

GC Precious Log:
 CardTable entry size: 512
 Card Set container configuration: InlinePtr #cards 5 size 8 Array Of Cards #cards 12 size 40 Howl #buckets 4 coarsen threshold 1843 Howl Bitmap #cards 512 size 80 coarsen threshold 460 Card regions per heap region 1 cards per card region 2048

Heap:
 garbage-first heap   total 0K, used 0K [0x000000008a400000, 0x0000000100000000)
  region size 1024K, 0 young (0K), 0 survivors (0K)

[error occurred during error reporting (printing heap information), id 0xc0000005, EXCEPTION_ACCESS_VIOLATION (0xc0000005) at pc=0x00007ffd29cb1be9]
GC Heap History (0 events):
No events

Dll operation events (1 events):
Event: 0.024 Loaded shared library C:\Program Files\Java\jdk-21\bin\java.dll

Deoptimization events (0 events):
No events

Classes loaded (0 events):
No events

Classes unloaded (0 events):
No events

Classes redefined (0 events):
No events

Internal exceptions (0 events):
No events

ZGC Phase Switch (0 events):
No events

VM Operations (0 events):
No events

Events (0 events):
No events


Dynamic libraries:
0x00007ff6efa60000 - 0x00007ff6efa70000 	C:\Program Files\Java\jdk-21\bin\java.exe
0x00007ffdcca50000 - 0x00007ffdccc67000 	C:\WINDOWS\SYSTEM32\ntdll.dll
0x00007ffdcc000000 - 0x00007ffdcc0c4000 	C:\WINDOWS\System32\KERNEL32.DLL
0x00007ffdc9dd0000 - 0x00007ffdca176000 	C:\WINDOWS\System32\KERNELBASE.dll
0x00007ffdc60d0000 - 0x00007ffdc6167000 	C:\WINDOWS\SYSTEM32\apphelp.dll
0x00007ffdca4e0000 - 0x00007ffdca5f1000 	C:\WINDOWS\System32\ucrtbase.dll
0x00007ffdb93d0000 - 0x00007ffdb93eb000 	C:\Program Files\Java\jdk-21\bin\VCRUNTIME140.dll
0x00007ffdc67e0000 - 0x00007ffdc67f9000 	C:\Program Files\Java\jdk-21\bin\jli.dll
0x00007ffdcbc90000 - 0x00007ffdcbd40000 	C:\WINDOWS\System32\ADVAPI32.dll
0x00007ffdcac30000 - 0x00007ffdcacd7000 	C:\WINDOWS\System32\msvcrt.dll
0x00007ffdcc1b0000 - 0x00007ffdcc256000 	C:\WINDOWS\System32\sechost.dll
0x00007ffdcad20000 - 0x00007ffdcae37000 	C:\WINDOWS\System32\RPCRT4.dll
0x00007ffdcaf90000 - 0x00007ffdcb13d000 	C:\WINDOWS\System32\USER32.dll
0x00007ffdca4b0000 - 0x00007ffdca4d6000 	C:\WINDOWS\System32\win32u.dll
0x00007ffdcbd40000 - 0x00007ffdcbd69000 	C:\WINDOWS\System32\GDI32.dll
0x00007ffdc9000000 - 0x00007ffdc9293000 	C:\WINDOWS\WinSxS\amd64_microsoft.windows.common-controls_6595b64144ccf1df_6.0.22621.2361_none_2712ced57382f843\COMCTL32.dll
0x00007ffdca220000 - 0x00007ffdca338000 	C:\WINDOWS\System32\gdi32full.dll
0x00007ffdca180000 - 0x00007ffdca21a000 	C:\WINDOWS\System32\msvcp_win.dll
0x00007ffdc8110000 - 0x00007ffdc811a000 	C:\WINDOWS\SYSTEM32\VERSION.dll
0x00007ffdcace0000 - 0x00007ffdcad11000 	C:\WINDOWS\System32\IMM32.DLL
0x00007ffdc8790000 - 0x00007ffdc879c000 	C:\Program Files\Java\jdk-21\bin\vcruntime140_1.dll
0x00007ffd90a20000 - 0x00007ffd90aae000 	C:\Program Files\Java\jdk-21\bin\msvcp140.dll
0x00007ffd29590000 - 0x00007ffd2a2a5000 	C:\Program Files\Java\jdk-21\bin\server\jvm.dll
0x00007ffdcaee0000 - 0x00007ffdcaf51000 	C:\WINDOWS\System32\WS2_32.dll
0x00007ffdc9700000 - 0x00007ffdc974d000 	C:\WINDOWS\SYSTEM32\POWRPROF.dll
0x00007ffdc6880000 - 0x00007ffdc68b4000 	C:\WINDOWS\SYSTEM32\WINMM.dll
0x00007ffdc9580000 - 0x00007ffdc9593000 	C:\WINDOWS\SYSTEM32\UMPDC.dll
0x00007ffdc7ef0000 - 0x00007ffdc7f08000 	C:\WINDOWS\SYSTEM32\kernel.appcore.dll
0x00007ffdc69d0000 - 0x00007ffdc69da000 	C:\Program Files\Java\jdk-21\bin\jimage.dll
0x00007ffdc9750000 - 0x00007ffdc997e000 	C:\WINDOWS\SYSTEM32\DBGHELP.DLL
0x00007ffdcc400000 - 0x00007ffdcc78a000 	C:\WINDOWS\System32\combase.dll
0x00007ffdcc0d0000 - 0x00007ffdcc1a7000 	C:\WINDOWS\System32\OLEAUT32.dll
0x00007ffdc95a0000 - 0x00007ffdc95d2000 	C:\WINDOWS\SYSTEM32\dbgcore.DLL
0x00007ffdca600000 - 0x00007ffdca67a000 	C:\WINDOWS\System32\bcryptPrimitives.dll
0x00007ffdb8e40000 - 0x00007ffdb8e5f000 	C:\Program Files\Java\jdk-21\bin\java.dll

dbghelp: loaded successfully - version: 4.0.5 - missing functions: none
symbol engine: initialized successfully - sym options: 0x614 - pdb path: .;C:\Program Files\Java\jdk-21\bin;C:\WINDOWS\SYSTEM32;C:\WINDOWS\WinSxS\amd64_microsoft.windows.common-controls_6595b64144ccf1df_6.0.22621.2361_none_2712ced57382f843;C:\Program Files\Java\jdk-21\bin\server

VM Arguments:
jvm_args: -Dfile.encoding=UTF-8 --module-path=C:\Users\Dell\OneDrive\Documents\NetBeansProjects\ATM Stimulation System\build\classes 
java_command: atm.stimulation.system.Login
java_class_path (initial): C:\Users\Dell\OneDrive\Documents\NetBeansProjects\ATM Stimulation System\build\classes
Launcher Type: SUN_STANDARD

[Global flags]
     intx CICompilerCount                          = 4                                         {product} {ergonomic}
     uint ConcGCThreads                            = 3                                         {product} {ergonomic}
     uint G1ConcRefinementThreads                  = 10                                        {product} {ergonomic}
   size_t G1HeapRegionSize                         = 1048576                                   {product} {ergonomic}
    uintx GCDrainStackTargetSize                   = 64                                        {product} {ergonomic}
   size_t InitialHeapSize                          = 123731968                                 {product} {ergonomic}
   size_t MarkStackSize                            = 4194304                                   {product} {ergonomic}
   size_t MaxHeapSize                              = 1975517184                                {product} {ergonomic}
   size_t MinHeapDeltaBytes                        = 1048576                                   {product} {ergonomic}
   size_t MinHeapSize                              = 8388608                                   {product} {ergonomic}
    uintx NonNMethodCodeHeapSize                   = 5839372                                {pd product} {ergonomic}
    uintx NonProfiledCodeHeapSize                  = 122909434                              {pd product} {ergonomic}
    uintx ProfiledCodeHeapSize                     = 122909434                              {pd product} {ergonomic}
    uintx ReservedCodeCacheSize                    = 251658240                              {pd product} {ergonomic}
     bool SegmentedCodeCache                       = true                                      {product} {ergonomic}
   size_t SoftMaxHeapSize                          = 1975517184                             {manageable} {ergonomic}
     bool UseCompressedOops                        = true                           {product lp64_product} {ergonomic}
     bool UseG1GC                                  = true                                      {product} {ergonomic}
     bool UseLargePagesIndividualAllocation        = false                                  {pd product} {ergonomic}

Logging:
Log output configuration:
 #0: stdout all=warning uptime,level,tags foldmultilines=false
 #1: stderr all=off uptime,level,tags foldmultilines=false

Environment Variables:
PATH=C:\Program Files\Common Files\Oracle\Java\javapath;C:\WINDOWS\system32;C:\WINDOWS;C:\WINDOWS\System32\Wbem;C:\WINDOWS\System32\WindowsPowerShell\v1.0\;C:\WINDOWS\System32\OpenSSH\;C:\MinGW\bin;C:\Program Files\dotnet\;C:\Program Files\Java\jdk-19.0.1\bin;C:\Program Files\Microsoft SQL Server\150\Tools\Binn\;C:\Program Files\Microsoft SQL Server\Client SDK\ODBC\170\Tools\Binn\;C:\Program Files\Git\cmd;C:\Program Files\nodejs\;C:\Program Files\MongoDB\Server\7.0\bin;C:\Program Files\MySQL\MySQL Shell 8.0\bin\;C:\Users\Dell\AppData\Local\Programs\Python\Python311\Scripts\;C:\Users\Dell\AppData\Local\Programs\Python\Python311\;C:\Users\Dell\AppData\Local\Microsoft\WindowsApps;C:\Users\Dell\AppData\Local\Programs\Microsoft VS Code\bin;C:\MinGW\bin;C:\Users\Dell\AppData\Local\GitHubDesktop\bin;C:\Program Files\JetBrains\PyCharm Community Edition 2023.1\bin;;C:\Program Files\CMake\bin;C:\Program Files\CMake\bin;C:\Users\Dell\.dotnet\tools;C:\src\flutter\bin;C:\Users\Dell\AppData\Roaming\npm;C:\Program Files\Java\jdk-21\bin;
USERNAME=Dell
OS=Windows_NT
PROCESSOR_IDENTIFIER=AMD64 Family 23 Model 104 Stepping 1, AuthenticAMD
TMP=C:\Users\Dell\AppData\Local\Temp
TEMP=C:\Users\Dell\AppData\Local\Temp




Periodic native trim disabled

---------------  S Y S T E M  ---------------

OS:
 Windows 11 , 64 bit Build 22621 (10.0.22621.2428)
OS uptime: 12 days 4:58 hours
Hyper-V role detected

CPU: total 12 (initial active 12) (12 cores per cpu, 2 threads per core) family 23 model 104 stepping 1 microcode 0x0, cx8, cmov, fxsr, ht, mmx, 3dnowpref, sse, sse2, sse3, ssse3, sse4a, sse4.1, sse4.2, popcnt, lzcnt, tsc, tscinvbit, avx, avx2, aes, clmul, bmi1, bmi2, adx, sha, fma, vzeroupper, clflush, clflushopt, hv, rdtscp, rdpid, f16c
Processor Information for processor 0
  Max Mhz: 2100, Current Mhz: 1893, Mhz Limit: 2100
Processor Information for processor 1
  Max Mhz: 2100, Current Mhz: 1893, Mhz Limit: 2100
Processor Information for processor 2
  Max Mhz: 2100, Current Mhz: 1893, Mhz Limit: 2100
Processor Information for processor 3
  Max Mhz: 2100, Current Mhz: 1813, Mhz Limit: 2100
Processor Information for processor 4
  Max Mhz: 2100, Current Mhz: 1893, Mhz Limit: 2100
Processor Information for processor 5
  Max Mhz: 2100, Current Mhz: 1813, Mhz Limit: 2100
Processor Information for processor 6
  Max Mhz: 2100, Current Mhz: 1813, Mhz Limit: 2100
Processor Information for processor 7
  Max Mhz: 2100, Current Mhz: 1893, Mhz Limit: 2100
Processor Information for processor 8
  Max Mhz: 2100, Current Mhz: 1893, Mhz Limit: 2100
Processor Information for processor 9
  Max Mhz: 2100, Current Mhz: 1893, Mhz Limit: 2100
Processor Information for processor 10
  Max Mhz: 2100, Current Mhz: 1813, Mhz Limit: 2100
Processor Information for processor 11
  Max Mhz: 2100, Current Mhz: 1893, Mhz Limit: 2100

Memory: 4k page, system-wide physical 7528M (204M free)
TotalPageFile size 36080M (AvailPageFile size 90M)
current process WorkingSet (physical memory assigned to process): 12M, peak: 12M
current process commit charge ("private bytes"): 64M, peak: 182M

vm_info: Java HotSpot(TM) 64-Bit Server VM (21.0.1+12-LTS-29) for windows-amd64 JRE (21.0.1+12-LTS-29), built on 2023-10-05T13:27:09Z by "mach5one" with MS VC++ 17.1 (VS2022)

END.
